This is pdfTeX, Version 3.14159265-2.6-1.40.19 (TeX Live 2018) (preloaded format=pdflatex 2018.4.16)  25 AUG 2019 22:43
entering extended mode
 restricted \write18 enabled.
 file:line:error style messages enabled.
 %&-line parsing enabled.
**"ACT 2012 Math I.tex"
(./ACT 2012 Math I.tex
LaTeX2e <2018-04-01> patch level 2
Babel <3.18> and hyphenation patterns for 84 language(s) loaded.
(/usr/local/texlive/2018/texmf-dist/tex/latex/base/article.cls
Document Class: article 2014/09/29 v1.4h Standard LaTeX document class
(/usr/local/texlive/2018/texmf-dist/tex/latex/base/size11.clo
File: size11.clo 2014/09/29 v1.4h Standard LaTeX file (size option)
)
\c@part=\count80
\c@section=\count81
\c@subsection=\count82
\c@subsubsection=\count83
\c@paragraph=\count84
\c@subparagraph=\count85
\c@figure=\count86
\c@table=\count87
\abovecaptionskip=\skip41
\belowcaptionskip=\skip42
\bibindent=\dimen102
)
(/usr/local/texlive/2018/texmf-dist/tex/latex/geometry/geometry.sty
Package: geometry 2018/03/24 v5.7 Page Geometry

(/usr/local/texlive/2018/texmf-dist/tex/latex/graphics/keyval.sty
Package: keyval 2014/10/28 v1.15 key=value parser (DPC)
\KV@toks@=\toks14
)
(/usr/local/texlive/2018/texmf-dist/tex/generic/oberdiek/ifpdf.sty
Package: ifpdf 2017/03/15 v3.2 Provides the ifpdf switch
)
(/usr/local/texlive/2018/texmf-dist/tex/generic/oberdiek/ifvtex.sty
Package: ifvtex 2016/05/16 v1.6 Detect VTeX and its facilities (HO)
Package ifvtex Info: VTeX not detected.
)
(/usr/local/texlive/2018/texmf-dist/tex/generic/ifxetex/ifxetex.sty
Package: ifxetex 2010/09/12 v0.6 Provides ifxetex conditional
)
\Gm@cnth=\count88
\Gm@cntv=\count89
\c@Gm@tempcnt=\count90
\Gm@bindingoffset=\dimen103
\Gm@wd@mp=\dimen104
\Gm@odd@mp=\dimen105
\Gm@even@mp=\dimen106
\Gm@layoutwidth=\dimen107
\Gm@layoutheight=\dimen108
\Gm@layouthoffset=\dimen109
\Gm@layoutvoffset=\dimen110
\Gm@dimlist=\toks15
)
(/usr/local/texlive/2018/texmf-dist/tex/latex/amsmath/amsmath.sty
Package: amsmath 2017/09/02 v2.17a AMS math features
\@mathmargin=\skip43

For additional information on amsmath, use the `?' option.
(/usr/local/texlive/2018/texmf-dist/tex/latex/amsmath/amstext.sty
Package: amstext 2000/06/29 v2.01 AMS text

(/usr/local/texlive/2018/texmf-dist/tex/latex/amsmath/amsgen.sty
File: amsgen.sty 1999/11/30 v2.0 generic functions
\@emptytoks=\toks16
\ex@=\dimen111
))
(/usr/local/texlive/2018/texmf-dist/tex/latex/amsmath/amsbsy.sty
Package: amsbsy 1999/11/29 v1.2d Bold Symbols
\pmbraise@=\dimen112
)
(/usr/local/texlive/2018/texmf-dist/tex/latex/amsmath/amsopn.sty
Package: amsopn 2016/03/08 v2.02 operator names
)
\inf@bad=\count91
LaTeX Info: Redefining \frac on input line 213.
\uproot@=\count92
\leftroot@=\count93
LaTeX Info: Redefining \overline on input line 375.
\classnum@=\count94
\DOTSCASE@=\count95
LaTeX Info: Redefining \ldots on input line 472.
LaTeX Info: Redefining \dots on input line 475.
LaTeX Info: Redefining \cdots on input line 596.
\Mathstrutbox@=\box26
\strutbox@=\box27
\big@size=\dimen113
LaTeX Font Info:    Redeclaring font encoding OML on input line 712.
LaTeX Font Info:    Redeclaring font encoding OMS on input line 713.
\macc@depth=\count96
\c@MaxMatrixCols=\count97
\dotsspace@=\muskip10
\c@parentequation=\count98
\dspbrk@lvl=\count99
\tag@help=\toks17
\row@=\count100
\column@=\count101
\maxfields@=\count102
\andhelp@=\toks18
\eqnshift@=\dimen114
\alignsep@=\dimen115
\tagshift@=\dimen116
\tagwidth@=\dimen117
\totwidth@=\dimen118
\lineht@=\dimen119
\@envbody=\toks19
\multlinegap=\skip44
\multlinetaggap=\skip45
\mathdisplay@stack=\toks20
LaTeX Info: Redefining \[ on input line 2817.
LaTeX Info: Redefining \] on input line 2818.
)
(/usr/local/texlive/2018/texmf-dist/tex/latex/amsfonts/amssymb.sty
Package: amssymb 2013/01/14 v3.01 AMS font symbols

(/usr/local/texlive/2018/texmf-dist/tex/latex/amsfonts/amsfonts.sty
Package: amsfonts 2013/01/14 v3.01 Basic AMSFonts support
\symAMSa=\mathgroup4
\symAMSb=\mathgroup5
LaTeX Font Info:    Overwriting math alphabet `\mathfrak' in version `bold'
(Font)                  U/euf/m/n --> U/euf/b/n on input line 106.
))
(/usr/local/texlive/2018/texmf-dist/tex/latex/cancel/cancel.sty
Package: cancel 2013/04/12 v2.2 Cancel math terms
)
(/usr/local/texlive/2018/texmf-dist/tex/latex/xcolor/xcolor.sty
Package: xcolor 2016/05/11 v2.12 LaTeX color extensions (UK)

(/usr/local/texlive/2018/texmf-dist/tex/latex/graphics-cfg/color.cfg
File: color.cfg 2016/01/02 v1.6 sample color configuration
)
Package xcolor Info: Driver file: pdftex.def on input line 225.

(/usr/local/texlive/2018/texmf-dist/tex/latex/graphics-def/pdftex.def
File: pdftex.def 2018/01/08 v1.0l Graphics/color driver for pdftex
)
Package xcolor Info: Model `cmy' substituted by `cmy0' on input line 1348.
Package xcolor Info: Model `hsb' substituted by `rgb' on input line 1352.
Package xcolor Info: Model `RGB' extended on input line 1364.
Package xcolor Info: Model `HTML' substituted by `rgb' on input line 1366.
Package xcolor Info: Model `Hsb' substituted by `hsb' on input line 1367.
Package xcolor Info: Model `tHsb' substituted by `hsb' on input line 1368.
Package xcolor Info: Model `HSB' substituted by `hsb' on input line 1369.
Package xcolor Info: Model `Gray' substituted by `gray' on input line 1370.
Package xcolor Info: Model `wave' substituted by `hsb' on input line 1371.
)
(/usr/local/texlive/2018/texmf-dist/tex/latex/graphics/graphicx.sty
Package: graphicx 2017/06/01 v1.1a Enhanced LaTeX Graphics (DPC,SPQR)

(/usr/local/texlive/2018/texmf-dist/tex/latex/graphics/graphics.sty
Package: graphics 2017/06/25 v1.2c Standard LaTeX Graphics (DPC,SPQR)

(/usr/local/texlive/2018/texmf-dist/tex/latex/graphics/trig.sty
Package: trig 2016/01/03 v1.10 sin cos tan (DPC)
)
(/usr/local/texlive/2018/texmf-dist/tex/latex/graphics-cfg/graphics.cfg
File: graphics.cfg 2016/06/04 v1.11 sample graphics configuration
)
Package graphics Info: Driver file: pdftex.def on input line 99.
)
\Gin@req@height=\dimen120
\Gin@req@width=\dimen121
)
(./ACT 2012 Math I.aux)
\openout1 = `"ACT 2012 Math I.aux"'.

LaTeX Font Info:    Checking defaults for OML/cmm/m/it on input line 15.
LaTeX Font Info:    ... okay on input line 15.
LaTeX Font Info:    Checking defaults for T1/cmr/m/n on input line 15.
LaTeX Font Info:    ... okay on input line 15.
LaTeX Font Info:    Checking defaults for OT1/cmr/m/n on input line 15.
LaTeX Font Info:    ... okay on input line 15.
LaTeX Font Info:    Checking defaults for OMS/cmsy/m/n on input line 15.
LaTeX Font Info:    ... okay on input line 15.
LaTeX Font Info:    Checking defaults for OMX/cmex/m/n on input line 15.
LaTeX Font Info:    ... okay on input line 15.
LaTeX Font Info:    Checking defaults for U/cmr/m/n on input line 15.
LaTeX Font Info:    ... okay on input line 15.

*geometry* driver: auto-detecting
*geometry* detected driver: pdftex
*geometry* verbose mode - [ preamble ] result:
* driver: pdftex
* paper: letterpaper
* layout: <same size as paper>
* layoutoffset:(h,v)=(0.0pt,0.0pt)
* modes: 
* h-part:(L,W,R)=(92.14519pt, 430.00462pt, 92.14519pt)
* v-part:(T,H,B)=(95.39737pt, 556.47656pt, 143.09605pt)
* \paperwidth=614.295pt
* \paperheight=794.96999pt
* \textwidth=430.00462pt
* \textheight=556.47656pt
* \oddsidemargin=19.8752pt
* \evensidemargin=19.8752pt
* \topmargin=-13.87262pt
* \headheight=12.0pt
* \headsep=25.0pt
* \topskip=11.0pt
* \footskip=30.0pt
* \marginparwidth=59.0pt
* \marginparsep=10.0pt
* \columnsep=10.0pt
* \skip\footins=10.0pt plus 4.0pt minus 2.0pt
* \hoffset=0.0pt
* \voffset=0.0pt
* \mag=1000
* \@twocolumnfalse
* \@twosidefalse
* \@mparswitchfalse
* \@reversemarginfalse
* (1in=72.27pt=25.4mm, 1cm=28.453pt)

(/usr/local/texlive/2018/texmf-dist/tex/context/base/mkii/supp-pdf.mkii
[Loading MPS to PDF converter (version 2006.09.02).]
\scratchcounter=\count103
\scratchdimen=\dimen122
\scratchbox=\box28
\nofMPsegments=\count104
\nofMParguments=\count105
\everyMPshowfont=\toks21
\MPscratchCnt=\count106
\MPscratchDim=\dimen123
\MPnumerator=\count107
\makeMPintoPDFobject=\count108
\everyMPtoPDFconversion=\toks22
) (/usr/local/texlive/2018/texmf-dist/tex/latex/oberdiek/epstopdf-base.sty
Package: epstopdf-base 2016/05/15 v2.6 Base part for package epstopdf

(/usr/local/texlive/2018/texmf-dist/tex/generic/oberdiek/infwarerr.sty
Package: infwarerr 2016/05/16 v1.4 Providing info/warning/error messages (HO)
)
(/usr/local/texlive/2018/texmf-dist/tex/latex/oberdiek/grfext.sty
Package: grfext 2016/05/16 v1.2 Manage graphics extensions (HO)

(/usr/local/texlive/2018/texmf-dist/tex/generic/oberdiek/kvdefinekeys.sty
Package: kvdefinekeys 2016/05/16 v1.4 Define keys (HO)

(/usr/local/texlive/2018/texmf-dist/tex/generic/oberdiek/ltxcmds.sty
Package: ltxcmds 2016/05/16 v1.23 LaTeX kernel commands for general use (HO)
)))
(/usr/local/texlive/2018/texmf-dist/tex/latex/oberdiek/kvoptions.sty
Package: kvoptions 2016/05/16 v3.12 Key value format for package options (HO)

(/usr/local/texlive/2018/texmf-dist/tex/generic/oberdiek/kvsetkeys.sty
Package: kvsetkeys 2016/05/16 v1.17 Key value parser (HO)

(/usr/local/texlive/2018/texmf-dist/tex/generic/oberdiek/etexcmds.sty
Package: etexcmds 2016/05/16 v1.6 Avoid name clashes with e-TeX commands (HO)

(/usr/local/texlive/2018/texmf-dist/tex/generic/oberdiek/ifluatex.sty
Package: ifluatex 2016/05/16 v1.4 Provides the ifluatex switch (HO)
Package ifluatex Info: LuaTeX not detected.
)
Package etexcmds Info: Could not find \expanded.
(etexcmds)             That can mean that you are not using pdfTeX 1.50 or
(etexcmds)             that some package has redefined \expanded.
(etexcmds)             In the latter case, load this package earlier.
)))
(/usr/local/texlive/2018/texmf-dist/tex/generic/oberdiek/pdftexcmds.sty
Package: pdftexcmds 2018/01/30 v0.27 Utility functions of pdfTeX for LuaTeX (HO
)
Package pdftexcmds Info: LuaTeX not detected.
Package pdftexcmds Info: \pdf@primitive is available.
Package pdftexcmds Info: \pdf@ifprimitive is available.
Package pdftexcmds Info: \pdfdraftmode found.
)
Package epstopdf-base Info: Redefining graphics rule for `.eps' on input line 4
38.
Package grfext Info: Graphics extension search list:
(grfext)             [.pdf,.png,.jpg,.mps,.jpeg,.jbig2,.jb2,.PDF,.PNG,.JPG,.JPE
G,.JBIG2,.JB2,.eps]
(grfext)             \AppendGraphicsExtensions on input line 456.

(/usr/local/texlive/2018/texmf-dist/tex/latex/latexconfig/epstopdf-sys.cfg
File: epstopdf-sys.cfg 2010/07/13 v1.3 Configuration of (r)epstopdf for TeX Liv
e
))
LaTeX Font Info:    Try loading font information for U+msa on input line 16.

(/usr/local/texlive/2018/texmf-dist/tex/latex/amsfonts/umsa.fd
File: umsa.fd 2013/01/14 v3.01 AMS symbols A
)
LaTeX Font Info:    Try loading font information for U+msb on input line 16.

(/usr/local/texlive/2018/texmf-dist/tex/latex/amsfonts/umsb.fd
File: umsb.fd 2013/01/14 v3.01 AMS symbols B
)
<images/"ACT 2012 I 01".png, id=1, 412.54124pt x 209.78375pt>
File: images/"ACT 2012 I 01".png Graphic file (type png)
<use images/"ACT 2012 I 01".png>
Package pdftex.def Info: images/"ACT 2012 I 01".png  used on input line 20.
(pdftex.def)             Requested size: 216.81pt x 110.25334pt.
 [1

{/usr/local/texlive/2018/texmf-var/fonts/map/pdftex/updmap/pdftex.map} <./image
s/ACT 2012 I 01.png>]
<images/"ACT 2012 I 02".png, id=17, 395.4775pt x 242.9075pt>
File: images/"ACT 2012 I 02".png Graphic file (type png)
<use images/"ACT 2012 I 02".png>
Package pdftex.def Info: images/"ACT 2012 I 02".png  used on input line 35.
(pdftex.def)             Requested size: 216.81pt x 133.16957pt.
 [2 <./images/ACT 2012 I 02.png>]
<images/"ACT 2012 I 03".png, id=23, 209.78375pt x 205.76875pt>
File: images/"ACT 2012 I 03".png Graphic file (type png)
<use images/"ACT 2012 I 03".png>
Package pdftex.def Info: images/"ACT 2012 I 03".png  used on input line 50.
(pdftex.def)             Requested size: 216.81pt x 212.66003pt.
<images/"ACT 2012 I 04".png, id=24, 747.79375pt x 308.15125pt>
File: images/"ACT 2012 I 04".png Graphic file (type png)
<use images/"ACT 2012 I 04".png>
Package pdftex.def Info: images/"ACT 2012 I 04".png  used on input line 69.
(pdftex.def)             Requested size: 433.62pt x 178.68552pt.

Overfull \hbox (3.61537pt too wide) in paragraph at lines 69--71
[] 
 []

[3 <./images/ACT 2012 I 03.png>]
<images/"ACT 2012 I 05".png, id=30, 748.7975pt x 177.66376pt>
File: images/"ACT 2012 I 05".png Graphic file (type png)
<use images/"ACT 2012 I 05".png>
Package pdftex.def Info: images/"ACT 2012 I 05".png  used on input line 75.
(pdftex.def)             Requested size: 433.62pt x 102.88239pt.

Overfull \hbox (3.61537pt too wide) in paragraph at lines 75--76
[] 
 []


Underfull \hbox (badness 10000) in paragraph at lines 77--78

 []

<images/"ACT 2012 I 06".png, id=31, 749.80125pt x 249.93375pt>
File: images/"ACT 2012 I 06".png Graphic file (type png)
<use images/"ACT 2012 I 06".png>
Package pdftex.def Info: images/"ACT 2012 I 06".png  used on input line 83.
(pdftex.def)             Requested size: 433.62pt x 144.54216pt.

Overfull \hbox (3.61537pt too wide) in paragraph at lines 83--84
[] 
 []

[4 <./images/ACT 2012 I 04.png> <./images/ACT 2012 I 05.png>]
<images/"ACT 2012 I 07".png, id=37, 751.80875pt x 192.72pt>
File: images/"ACT 2012 I 07".png Graphic file (type png)
<use images/"ACT 2012 I 07".png>
Package pdftex.def Info: images/"ACT 2012 I 07".png  used on input line 95.
(pdftex.def)             Requested size: 433.62pt x 111.15718pt.

Overfull \hbox (3.61537pt too wide) in paragraph at lines 94--96
[] 
 []

<images/"ACT 2012 I 08".png, id=38, 745.78625pt x 212.795pt>
File: images/"ACT 2012 I 08".png Graphic file (type png)
<use images/"ACT 2012 I 08".png>
Package pdftex.def Info: images/"ACT 2012 I 08".png  used on input line 104.
(pdftex.def)             Requested size: 433.62pt x 123.72314pt.

Overfull \hbox (3.61537pt too wide) in paragraph at lines 104--105
[] 
 []

[5 <./images/ACT 2012 I 06.png> <./images/ACT 2012 I 07.png>]
<images/"ACT 2012 I 09".png, id=46, 753.81625pt x 249.93375pt>
File: images/"ACT 2012 I 09".png Graphic file (type png)
<use images/"ACT 2012 I 09".png>
Package pdftex.def Info: images/"ACT 2012 I 09".png  used on input line 122.
(pdftex.def)             Requested size: 433.62pt x 143.76799pt.

Overfull \hbox (3.61537pt too wide) in paragraph at lines 122--123
[] 
 []

<images/"ACT 2012 I 10".png, id=47, 750.805pt x 372.39125pt>
File: images/"ACT 2012 I 10".png Graphic file (type png)
<use images/"ACT 2012 I 10".png>
Package pdftex.def Info: images/"ACT 2012 I 10".png  used on input line 131.
(pdftex.def)             Requested size: 433.62pt x 215.07224pt.

Overfull \hbox (3.61537pt too wide) in paragraph at lines 131--133
[]
 []

[6 <./images/ACT 2012 I 08.png> <./images/ACT 2012 I 09.png>]
<images/"ACT 2012 I 11".png, id=53, 749.80125pt x 182.6825pt>
File: images/"ACT 2012 I 11".png Graphic file (type png)
<use images/"ACT 2012 I 11".png>
Package pdftex.def Info: images/"ACT 2012 I 11".png  used on input line 136.
(pdftex.def)             Requested size: 433.62pt x 105.64928pt.

Overfull \hbox (3.61537pt too wide) in paragraph at lines 136--137
[] 
 []

[7 <./images/ACT 2012 I 10.png> <./images/ACT 2012 I 11.png>]
Underfull \hbox (badness 10000) in paragraph at lines 141--143

 []

<images/"ACT 2012 I 12".png, id=60, 750.805pt x 227.85126pt>
File: images/"ACT 2012 I 12".png Graphic file (type png)
<use images/"ACT 2012 I 12".png>
Package pdftex.def Info: images/"ACT 2012 I 12".png  used on input line 151.
(pdftex.def)             Requested size: 433.62pt x 131.59406pt.

Overfull \hbox (3.61537pt too wide) in paragraph at lines 151--152
[] 
 []

<images/"ACT 2012 I 13".png, id=61, 748.7975pt x 353.32pt>
File: images/"ACT 2012 I 13".png Graphic file (type png)
<use images/"ACT 2012 I 13".png>
Package pdftex.def Info: images/"ACT 2012 I 13".png  used on input line 171.
(pdftex.def)             Requested size: 433.62pt x 204.60226pt.

Overfull \hbox (3.61537pt too wide) in paragraph at lines 171--172
[] 
 []

[8 <./images/ACT 2012 I 12.png>]
<images/"ACT 2012 I 14".png, id=67, 746.79pt x 194.7275pt>
File: images/"ACT 2012 I 14".png Graphic file (type png)
<use images/"ACT 2012 I 14".png>
Package pdftex.def Info: images/"ACT 2012 I 14".png  used on input line 197.
(pdftex.def)             Requested size: 433.62pt x 113.0668pt.

Overfull \hbox (3.61537pt too wide) in paragraph at lines 197--198
[] 
 []

<images/"ACT 2012 I 15".png, id=68, 748.7975pt x 327.2225pt>
File: images/"ACT 2012 I 15".png Graphic file (type png)
<use images/"ACT 2012 I 15".png>
Package pdftex.def Info: images/"ACT 2012 I 15".png  used on input line 202.
(pdftex.def)             Requested size: 433.62pt x 189.4896pt.

Overfull \hbox (3.61537pt too wide) in paragraph at lines 202--203
[] 
 []

[9 <./images/ACT 2012 I 13.png> <./images/ACT 2012 I 14.png>]
<images/"ACT 2012 I 16".png, id=74, 748.7975pt x 208.78pt>
File: images/"ACT 2012 I 16".png Graphic file (type png)
<use images/"ACT 2012 I 16".png>
Package pdftex.def Info: images/"ACT 2012 I 16".png  used on input line 207.
(pdftex.def)             Requested size: 433.62pt x 120.90132pt.

Overfull \hbox (3.61537pt too wide) in paragraph at lines 207--208
[] 
 []

<images/"ACT 2012 I 17".png, id=75, 745.78625pt x 171.64125pt>
File: images/"ACT 2012 I 17".png Graphic file (type png)
<use images/"ACT 2012 I 17".png>
Package pdftex.def Info: images/"ACT 2012 I 17".png  used on input line 212.
(pdftex.def)             Requested size: 433.62pt x 99.79555pt.

Overfull \hbox (3.61537pt too wide) in paragraph at lines 212--213
[] 
 []

[10 <./images/ACT 2012 I 15.png> <./images/ACT 2012 I 16.png>]
<images/"ACT 2012 I 18".png, id=81, 745.78625pt x 198.7425pt>
File: images/"ACT 2012 I 18".png Graphic file (type png)
<use images/"ACT 2012 I 18".png>
Package pdftex.def Info: images/"ACT 2012 I 18".png  used on input line 239.
(pdftex.def)             Requested size: 433.62pt x 115.55275pt.

Overfull \hbox (3.61537pt too wide) in paragraph at lines 239--240
[] 
 []

<images/"ACT 2012 I 19".png, id=82, 745.78625pt x 212.795pt>
File: images/"ACT 2012 I 19".png Graphic file (type png)
<use images/"ACT 2012 I 19".png>
Package pdftex.def Info: images/"ACT 2012 I 19".png  used on input line 244.
(pdftex.def)             Requested size: 433.62pt x 123.72314pt.

Overfull \hbox (3.61537pt too wide) in paragraph at lines 244--245
[] 
 []

[11 <./images/ACT 2012 I 17.png> <./images/ACT 2012 I 18.png>]
<images/"ACT 2012 I 20".png, id=88, 749.80125pt x 245.91875pt>
File: images/"ACT 2012 I 20".png Graphic file (type png)
<use images/"ACT 2012 I 20".png>
Package pdftex.def Info: images/"ACT 2012 I 20".png  used on input line 261.
(pdftex.def)             Requested size: 433.62pt x 142.2202pt.

Overfull \hbox (3.61537pt too wide) in paragraph at lines 261--262
[] 
 []

<images/"ACT 2012 I 21".png, id=89, 745.78625pt x 211.79124pt>
File: images/"ACT 2012 I 21".png Graphic file (type png)
<use images/"ACT 2012 I 21".png>
Package pdftex.def Info: images/"ACT 2012 I 21".png  used on input line 273.
(pdftex.def)             Requested size: 433.62pt x 123.13954pt.

Overfull \hbox (3.61537pt too wide) in paragraph at lines 273--274
[] 
 []

[12 <./images/ACT 2012 I 19.png> <./images/ACT 2012 I 20.png>]
<images/"ACT 2012 I 22".png, id=96, 751.80875pt x 339.2675pt>
File: images/"ACT 2012 I 22".png Graphic file (type png)
<use images/"ACT 2012 I 22".png>
Package pdftex.def Info: images/"ACT 2012 I 22".png  used on input line 288.
(pdftex.def)             Requested size: 433.62pt x 195.68297pt.

Overfull \hbox (3.61537pt too wide) in paragraph at lines 288--289
[] 
 []

<images/partition.png, id=97, 266.9975pt x 145.54375pt>
File: images/partition.png Graphic file (type png)
<use images/partition.png>
Package pdftex.def Info: images/partition.png  used on input line 292.
(pdftex.def)             Requested size: 144.54pt x 78.79231pt.
[13 <./images/ACT 2012 I 21.png> <./images/ACT 2012 I 22.png>]
<images/"ACT 2012 I 23".png, id=104, 748.7975pt x 371.3875pt>
File: images/"ACT 2012 I 23".png Graphic file (type png)
<use images/"ACT 2012 I 23".png>
Package pdftex.def Info: images/"ACT 2012 I 23".png  used on input line 308.
(pdftex.def)             Requested size: 433.62pt x 215.06488pt.

Overfull \hbox (3.61537pt too wide) in paragraph at lines 308--309
[] 
 []

[14 <./images/partition.png> <./images/ACT 2012 I 23.png>]
<images/"ACT 2012 I 24".png, id=110, 753.81625pt x 567.11874pt>
File: images/"ACT 2012 I 24".png Graphic file (type png)
<use images/"ACT 2012 I 24".png>
Package pdftex.def Info: images/"ACT 2012 I 24".png  used on input line 319.
(pdftex.def)             Requested size: 433.62pt x 326.22055pt.

Overfull \hbox (3.61537pt too wide) in paragraph at lines 319--320
[] 
 []

<images/"ACT 2012 I 25".png, id=111, 745.78625pt x 409.53pt>
File: images/"ACT 2012 I 25".png Graphic file (type png)
<use images/"ACT 2012 I 25".png>
Package pdftex.def Info: images/"ACT 2012 I 25".png  used on input line 324.
(pdftex.def)             Requested size: 433.62pt x 238.1087pt.

Overfull \hbox (3.61537pt too wide) in paragraph at lines 324--326
[] 
 []

[15 <./images/ACT 2012 I 24.png>]
<images/"ACT 2012 I 26".png, id=116, 748.7975pt x 265.99374pt>
File: images/"ACT 2012 I 26".png Graphic file (type png)
<use images/"ACT 2012 I 26".png>
Package pdftex.def Info: images/"ACT 2012 I 26".png  used on input line 329.
(pdftex.def)             Requested size: 433.62pt x 154.03294pt.

Overfull \hbox (3.61537pt too wide) in paragraph at lines 329--330
[] 
 []

[16 <./images/ACT 2012 I 25.png> <./images/ACT 2012 I 26.png>]
<images/"ACT 2012 I 27".png, id=122, 747.79375pt x 359.3425pt>
File: images/"ACT 2012 I 27".png Graphic file (type png)
<use images/"ACT 2012 I 27".png>
Package pdftex.def Info: images/"ACT 2012 I 27".png  used on input line 338.
(pdftex.def)             Requested size: 433.62pt x 208.36945pt.

Overfull \hbox (3.61537pt too wide) in paragraph at lines 338--339
[] 
 []

<images/"ACT 2012 I 28".png, id=123, 746.79pt x 301.125pt>
File: images/"ACT 2012 I 28".png Graphic file (type png)
<use images/"ACT 2012 I 28".png>
Package pdftex.def Info: images/"ACT 2012 I 28".png  used on input line 345.
(pdftex.def)             Requested size: 433.62pt x 174.8456pt.

Overfull \hbox (3.61537pt too wide) in paragraph at lines 345--346
[] 
 []

[17 <./images/ACT 2012 I 27.png> <./images/ACT 2012 I 28.png>]
<images/"ACT 2012 I 29".png, id=129, 744.7825pt x 277.035pt>
File: images/"ACT 2012 I 29".png Graphic file (type png)
<use images/"ACT 2012 I 29".png>
Package pdftex.def Info: images/"ACT 2012 I 29".png  used on input line 353.
(pdftex.def)             Requested size: 433.62pt x 161.29758pt.

Overfull \hbox (3.61537pt too wide) in paragraph at lines 353--354
[] 
 []

<images/"ACT 2012 I 30".png, id=130, 746.79pt x 417.56pt>
File: images/"ACT 2012 I 30".png Graphic file (type png)
<use images/"ACT 2012 I 30".png>
Package pdftex.def Info: images/"ACT 2012 I 30".png  used on input line 363.
(pdftex.def)             Requested size: 433.62pt x 242.45256pt.

Overfull \hbox (3.61537pt too wide) in paragraph at lines 363--364
[] 
 []

[18 <./images/ACT 2012 I 29.png>] [19 <./images/ACT 2012 I 30.png>]
(./ACT 2012 Math I.aux) ) 
Here is how much of TeX's memory you used:
 3473 strings out of 492649
 48375 string characters out of 6129622
 120496 words of memory out of 5000000
 7277 multiletter control sequences out of 15000+600000
 11390 words of font info for 43 fonts, out of 8000000 for 9000
 1141 hyphenation exceptions out of 8191
 41i,17n,35p,284b,199s stack positions out of 5000i,500n,10000p,200000b,80000s
</usr/local/texlive/2018/texmf-dist/fonts/type1/public
/amsfonts/cm/cmbx12.pfb></usr/local/texlive/2018/texmf-dist/fonts/type1/public/
amsfonts/cm/cmex10.pfb></usr/local/texlive/2018/texmf-dist/fonts/type1/public/a
msfonts/cm/cmmi10.pfb></usr/local/texlive/2018/texmf-dist/fonts/type1/public/am
sfonts/cm/cmmi12.pfb></usr/local/texlive/2018/texmf-dist/fonts/type1/public/ams
fonts/cm/cmmi8.pfb></usr/local/texlive/2018/texmf-dist/fonts/type1/public/amsfo
nts/cm/cmr10.pfb></usr/local/texlive/2018/texmf-dist/fonts/type1/public/amsfont
s/cm/cmr12.pfb></usr/local/texlive/2018/texmf-dist/fonts/type1/public/amsfonts/
cm/cmr17.pfb></usr/local/texlive/2018/texmf-dist/fonts/type1/public/amsfonts/cm
/cmr6.pfb></usr/local/texlive/2018/texmf-dist/fonts/type1/public/amsfonts/cm/cm
r8.pfb></usr/local/texlive/2018/texmf-dist/fonts/type1/public/amsfonts/cm/cmsy1
0.pfb></usr/local/texlive/2018/texmf-dist/fonts/type1/public/amsfonts/cm/cmsy8.
pfb></usr/local/texlive/2018/texmf-dist/fonts/type1/public/amsfonts/cm/cmti10.p
fb></usr/local/texlive/2018/texmf-dist/fonts/type1/public/amsfonts/latxfont/lin
e10.pfb></usr/local/texlive/2018/texmf-dist/fonts/type1/public/amsfonts/symbols
/msam10.pfb></usr/local/texlive/2018/texmf-dist/fonts/type1/public/amsfonts/sym
bols/msbm10.pfb>
Output written on "ACT 2012 Math I.pdf" (19 pages, 1042296 bytes).
PDF statistics:
 193 PDF objects out of 1000 (max. 8388607)
 93 compressed objects within 1 object stream
 0 named destinations out of 1000 (max. 500000)
 156 words of extra memory for PDF output out of 10000 (max. 10000000)

